<?xml version="1.0" encoding="UTF-8"?>
<robot generator="Robot 3.1.2 (Python 3.8.2 on win32)" generated="20201101 17:10:19.512" rpa="false">
<suite id="s1" name="Automacao" source="D:\Desenvolvimento\grpbh.github.io\test\automacao.robot">
<kw name="Login Session" type="setup">
<arguments>
<arg>diego.silva</arg>
<arg>jo@qu1m33</arg>
</arguments>
<kw name="Abrir navegador">
<kw name="Open Browser" library="Selenium2Library">
<doc>Opens a new browser instance to the optional ``url``.</doc>
<arguments>
<arg>${BASE_URL}</arg>
<arg>${BROWSER}</arg>
</arguments>
<msg timestamp="20201101 17:10:22.528" level="INFO">Opening browser 'chrome' to base url 'https://atendimento.abaco.com.br/glpi'.</msg>
<status status="PASS" starttime="20201101 17:10:22.528" endtime="20201101 17:10:29.224"></status>
</kw>
<kw name="Maximize Browser Window" library="Selenium2Library">
<doc>Maximizes current browser window.</doc>
<status status="PASS" starttime="20201101 17:10:29.224" endtime="20201101 17:10:31.393"></status>
</kw>
<kw name="Set Browser Implicit Wait" library="Selenium2Library">
<doc>Sets the implicit wait value used by Selenium.</doc>
<arguments>
<arg>15 seconds</arg>
</arguments>
<status status="PASS" starttime="20201101 17:10:31.393" endtime="20201101 17:10:31.399"></status>
</kw>
<kw name="Set Selenium Implicit Wait" library="Selenium2Library">
<doc>Sets the implicit wait value used by Selenium.</doc>
<arguments>
<arg>15 seconds</arg>
</arguments>
<status status="PASS" starttime="20201101 17:10:31.400" endtime="20201101 17:10:31.407"></status>
</kw>
<kw name="Set Selenium Speed" library="Selenium2Library">
<doc>Sets the delay that is waited after each Selenium command.</doc>
<arguments>
<arg>0.1 seconds</arg>
</arguments>
<status status="PASS" starttime="20201101 17:10:31.408" endtime="20201101 17:10:31.408"></status>
</kw>
<kw name="Set Selenium Timeout" library="Selenium2Library">
<doc>Sets the timeout that is used by various keywords.</doc>
<arguments>
<arg>60 seconds</arg>
</arguments>
<status status="PASS" starttime="20201101 17:10:31.409" endtime="20201101 17:10:31.514"></status>
</kw>
<status status="PASS" starttime="20201101 17:10:22.526" endtime="20201101 17:10:31.514"></status>
</kw>
<kw name="Input Text" library="Selenium2Library">
<doc>Types the given ``text`` into the text field identified by ``locator``.</doc>
<arguments>
<arg>id:login_name</arg>
<arg>${usuer}</arg>
</arguments>
<msg timestamp="20201101 17:10:31.515" level="INFO">Typing text 'diego.silva' into text field 'id:login_name'.</msg>
<status status="PASS" starttime="20201101 17:10:31.515" endtime="20201101 17:10:32.182"></status>
</kw>
<kw name="Input Text" library="Selenium2Library">
<doc>Types the given ``text`` into the text field identified by ``locator``.</doc>
<arguments>
<arg>id:login_password</arg>
<arg>${pass}</arg>
</arguments>
<msg timestamp="20201101 17:10:32.183" level="INFO">Typing text 'jo@qu1m33' into text field 'id:login_password'.</msg>
<status status="PASS" starttime="20201101 17:10:32.182" endtime="20201101 17:10:32.758"></status>
</kw>
<kw name="Click Element" library="Selenium2Library">
<doc>Click the element identified by ``locator``.</doc>
<arguments>
<arg>//input[@name="submit"]</arg>
</arguments>
<msg timestamp="20201101 17:10:32.758" level="INFO">Clicking element '//input[@name="submit"]'.</msg>
<status status="PASS" starttime="20201101 17:10:32.758" endtime="20201101 17:10:35.267"></status>
</kw>
<status status="PASS" starttime="20201101 17:10:22.525" endtime="20201101 17:10:35.267"></status>
</kw>
<test id="s1-t1" name="Listagem de cards">
<kw name="Retorna arquivo em Json">
<doc>Função responsável por transformar uma string json em um objeto.</doc>
<arguments>
<arg>cards.json</arg>
</arguments>
<assign>
<var>@{v_cards}</var>
</assign>
<kw name="Get File" library="OperatingSystem">
<doc>Returns the contents of a specified file.</doc>
<arguments>
<arg>${EXECDIR}/fixtures/${json_file}</arg>
</arguments>
<assign>
<var>${string_file}</var>
</assign>
<msg timestamp="20201101 17:10:35.342" level="INFO" html="yes">Getting file '&lt;a href="file://D:\Desenvolvimento\grpbh.github.io\fixtures\cards.json"&gt;D:\Desenvolvimento\grpbh.github.io\fixtures\cards.json&lt;/a&gt;'.</msg>
<msg timestamp="20201101 17:10:35.346" level="FAIL">FileNotFoundError: [Errno 2] No such file or directory: 'D:\\Desenvolvimento\\grpbh.github.io\\fixtures\\cards.json'</msg>
<status status="FAIL" starttime="20201101 17:10:35.342" endtime="20201101 17:10:35.347"></status>
</kw>
<status status="FAIL" starttime="20201101 17:10:35.314" endtime="20201101 17:10:35.349"></status>
</kw>
<kw name="Finalizando Teste" type="teardown">
<kw name="Capture Page Screenshot" library="Selenium2Library">
<doc>Takes a screenshot of the current page and embeds it into a log file.</doc>
<msg timestamp="20201101 17:10:36.138" level="INFO" html="yes">&lt;/td&gt;&lt;/tr&gt;&lt;tr&gt;&lt;td colspan="3"&gt;&lt;a href="selenium-screenshot-1.png"&gt;&lt;img src="selenium-screenshot-1.png" width="800px"&gt;&lt;/a&gt;</msg>
<status status="PASS" starttime="20201101 17:10:35.354" endtime="20201101 17:10:36.138"></status>
</kw>
<status status="PASS" starttime="20201101 17:10:35.353" endtime="20201101 17:10:36.139"></status>
</kw>
<status status="FAIL" starttime="20201101 17:10:35.267" endtime="20201101 17:10:36.141" critical="yes">FileNotFoundError: [Errno 2] No such file or directory: 'D:\\Desenvolvimento\\grpbh.github.io\\fixtures\\cards.json'</status>
</test>
<kw name="Close Session" type="teardown">
<kw name="Close Browser" library="Selenium2Library">
<doc>Closes the current browser.</doc>
<status status="PASS" starttime="20201101 17:10:36.150" endtime="20201101 17:10:39.225"></status>
</kw>
<status status="PASS" starttime="20201101 17:10:36.150" endtime="20201101 17:10:39.225"></status>
</kw>
<doc>A test suite with a single test for GLPI - Chamados - 75795
Created by hats' Robotcorder</doc>
<status status="FAIL" starttime="20201101 17:10:19.516" endtime="20201101 17:10:39.225"></status>
</suite>
<statistics>
<total>
<stat pass="0" fail="1">Critical Tests</stat>
<stat pass="0" fail="1">All Tests</stat>
</total>
<tag>
</tag>
<suite>
<stat pass="0" fail="1" id="s1" name="Automacao">Automacao</stat>
</suite>
</statistics>
<errors>
</errors>
</robot>
